Application listening on 3000
Application listening on 3000
Currency eur not supported
Application listening on 3000
Application listening on 3000
/home/ubuntu/uco_price_tracker/blockchainio_api.js:11
            resolve(parseFloat(body.price))
                                    ^

TypeError: Cannot read property 'price' of undefined
    at Request.request.get [as _callback] (/home/ubuntu/uco_price_tracker/blockchainio_api.js:11:37)
    at Request.self.callback (/home/ubuntu/uco_price_tracker/node_modules/request/request.js:185:22)
    at Request.emit (events.js:198:13)
    at Request.<anonymous> (/home/ubuntu/uco_price_tracker/node_modules/request/request.js:1154:10)
    at Request.emit (events.js:198:13)
    at IncomingMessage.<anonymous> (/home/ubuntu/uco_price_tracker/node_modules/request/request.js:1076:12)
    at Object.onceWrapper (events.js:286:20)
    at IncomingMessage.emit (events.js:203:15)
    at endReadableNT (_stream_readable.js:1145:12)
    at process._tickCallback (internal/process/next_tick.js:63:19)
Application listening on 3000
